0 info it worked if it ends with ok
1 verbose cli [ '/usr/bin/node', '/usr/bin/npm', 'install' ]
2 info using npm@3.5.2
3 info using node@v8.10.0
4 silly loadCurrentTree Starting
5 silly install loadCurrentTree
6 silly install readLocalPackageData
7 silly install normalizeTree
8 silly loadCurrentTree Finishing
9 silly loadIdealTree Starting
10 silly install loadIdealTree
11 silly cloneCurrentTree Starting
12 silly install cloneCurrentTreeToIdealTree
13 silly cloneCurrentTree Finishing
14 silly loadShrinkwrap Starting
15 silly install loadShrinkwrap
16 silly loadShrinkwrap Finishing
17 silly loadAllDepsIntoIdealTree Starting
18 silly install loadAllDepsIntoIdealTree
19 silly loadAllDepsIntoIdealTree Finishing
20 silly idealTree:prePrune application-name@0.0.1
20 silly idealTree:prePrune ├─┬ @mapbox/node-pre-gyp@1.0.9
20 silly idealTree:prePrune │ ├── nopt@5.0.0
20 silly idealTree:prePrune │ └── semver@7.3.7
20 silly idealTree:prePrune ├── abbrev@1.1.1
20 silly idealTree:prePrune ├── accepts@1.0.0
20 silly idealTree:prePrune ├─┬ agent-base@6.0.2
20 silly idealTree:prePrune │ ├── debug@4.3.4
20 silly idealTree:prePrune │ └── ms@2.1.2
20 silly idealTree:prePrune ├── amdefine@1.0.1
20 silly idealTree:prePrune ├── ansi-regex@5.0.1
20 silly idealTree:prePrune ├── aproba@2.0.0
20 silly idealTree:prePrune ├─┬ are-we-there-yet@2.0.0
20 silly idealTree:prePrune │ ├── readable-stream@3.6.0
20 silly idealTree:prePrune │ ├── safe-buffer@5.2.1
20 silly idealTree:prePrune │ └── string_decoder@1.3.0
20 silly idealTree:prePrune ├── async@0.2.10
20 silly idealTree:prePrune ├── balanced-match@1.0.2
20 silly idealTree:prePrune ├── bcrypt@5.0.1
20 silly idealTree:prePrune ├── bignumber.js@9.0.0
20 silly idealTree:prePrune ├── body-parser@1.0.2
20 silly idealTree:prePrune ├── brace-expansion@2.0.1
20 silly idealTree:prePrune ├── buffer-crc32@0.2.1
20 silly idealTree:prePrune ├── bytes@1.0.0
20 silly idealTree:prePrune ├── camelcase@1.2.1
20 silly idealTree:prePrune ├── character-parser@1.2.0
20 silly idealTree:prePrune ├── chownr@2.0.0
20 silly idealTree:prePrune ├── color-support@1.1.3
20 silly idealTree:prePrune ├── commander@2.1.0
20 silly idealTree:prePrune ├── concat-map@0.0.1
20 silly idealTree:prePrune ├── console-control-strings@1.1.0
20 silly idealTree:prePrune ├── constantinople@2.0.1
20 silly idealTree:prePrune ├── cookie-parser@1.0.1
20 silly idealTree:prePrune ├── cookie-signature@1.0.3
20 silly idealTree:prePrune ├── cookie@0.1.0
20 silly idealTree:prePrune ├── core-util-is@1.0.3
20 silly idealTree:prePrune ├── css-parse@1.0.4
20 silly idealTree:prePrune ├── css-stringify@1.0.5
20 silly idealTree:prePrune ├── css@1.0.8
20 silly idealTree:prePrune ├── debug@0.7.4
20 silly idealTree:prePrune ├── decamelize@1.2.0
20 silly idealTree:prePrune ├── delegates@1.0.0
20 silly idealTree:prePrune ├── detect-libc@2.0.1
20 silly idealTree:prePrune ├── emoji-regex@8.0.0
20 silly idealTree:prePrune ├── escape-html@1.0.1
20 silly idealTree:prePrune ├─┬ express@4.0.0
20 silly idealTree:prePrune │ └── type-is@1.0.0
20 silly idealTree:prePrune ├── fresh@0.2.2
20 silly idealTree:prePrune ├── fs-minipass@2.1.0
20 silly idealTree:prePrune ├── fs.realpath@1.0.0
20 silly idealTree:prePrune ├── gauge@3.0.2
20 silly idealTree:prePrune ├─┬ glob@7.2.3
20 silly idealTree:prePrune │ ├── brace-expansion@1.1.11
20 silly idealTree:prePrune │ └── minimatch@3.1.2
20 silly idealTree:prePrune ├── has-unicode@2.0.1
20 silly idealTree:prePrune ├─┬ https-proxy-agent@5.0.1
20 silly idealTree:prePrune │ ├── debug@4.3.4
20 silly idealTree:prePrune │ └── ms@2.1.2
20 silly idealTree:prePrune ├── inflight@1.0.6
20 silly idealTree:prePrune ├── inherits@2.0.4
20 silly idealTree:prePrune ├── is-fullwidth-code-point@3.0.0
20 silly idealTree:prePrune ├── is-promise@1.0.1
20 silly idealTree:prePrune ├── isarray@1.0.0
20 silly idealTree:prePrune ├── jade@1.3.1
20 silly idealTree:prePrune ├── lru-cache@6.0.0
20 silly idealTree:prePrune ├─┬ make-dir@3.1.0
20 silly idealTree:prePrune │ └── semver@6.3.0
20 silly idealTree:prePrune ├── merge-descriptors@0.0.2
20 silly idealTree:prePrune ├── methods@0.1.0
20 silly idealTree:prePrune ├── mime@1.2.11
20 silly idealTree:prePrune ├── minimatch@5.1.0
20 silly idealTree:prePrune ├── minipass@3.3.4
20 silly idealTree:prePrune ├── minizlib@2.1.2
20 silly idealTree:prePrune ├── mkdirp@0.3.5
20 silly idealTree:prePrune ├── monocle@1.1.51
20 silly idealTree:prePrune ├─┬ morgan@1.0.1
20 silly idealTree:prePrune │ └── bytes@0.3.0
20 silly idealTree:prePrune ├── mysql@2.18.1
20 silly idealTree:prePrune ├── negotiator@0.3.0
20 silly idealTree:prePrune ├── node-addon-api@3.2.1
20 silly idealTree:prePrune ├── node-fetch@2.6.7
20 silly idealTree:prePrune ├── npmlog@5.0.1
20 silly idealTree:prePrune ├── object-assign@4.1.1
20 silly idealTree:prePrune ├── once@1.4.0
20 silly idealTree:prePrune ├── optimist@0.3.7
20 silly idealTree:prePrune ├── parseurl@1.0.1
20 silly idealTree:prePrune ├── path-is-absolute@1.0.1
20 silly idealTree:prePrune ├── path-to-regexp@0.1.2
20 silly idealTree:prePrune ├── process-nextick-args@2.0.1
20 silly idealTree:prePrune ├── promise@2.0.0
20 silly idealTree:prePrune ├── qs@0.6.6
20 silly idealTree:prePrune ├── range-parser@1.0.0
20 silly idealTree:prePrune ├── raw-body@1.1.7
20 silly idealTree:prePrune ├─┬ readable-stream@2.3.7
20 silly idealTree:prePrune │ └── string_decoder@1.1.1
20 silly idealTree:prePrune ├── readdirp@0.2.5
20 silly idealTree:prePrune ├── rimraf@3.0.2
20 silly idealTree:prePrune ├── safe-buffer@5.1.2
20 silly idealTree:prePrune ├── send@0.2.0
20 silly idealTree:prePrune ├─┬ serve-static@1.0.1
20 silly idealTree:prePrune │ ├── fresh@0.2.0
20 silly idealTree:prePrune │ ├── range-parser@0.0.4
20 silly idealTree:prePrune │ └── send@0.1.4
20 silly idealTree:prePrune ├── set-blocking@2.0.0
20 silly idealTree:prePrune ├── signal-exit@3.0.7
20 silly idealTree:prePrune ├── source-map@0.1.34
20 silly idealTree:prePrune ├── sqlstring@2.3.1
20 silly idealTree:prePrune ├── static-favicon@1.0.2
20 silly idealTree:prePrune ├── string_decoder@0.10.31
20 silly idealTree:prePrune ├── string-width@4.2.3
20 silly idealTree:prePrune ├── strip-ansi@6.0.1
20 silly idealTree:prePrune ├─┬ tar@6.1.11
20 silly idealTree:prePrune │ └── mkdirp@1.0.4
20 silly idealTree:prePrune ├── tr46@0.0.3
20 silly idealTree:prePrune ├─┬ transformers@2.1.0
20 silly idealTree:prePrune │ └── uglify-js@2.2.5
20 silly idealTree:prePrune ├── type-is@1.1.0
20 silly idealTree:prePrune ├── uglify-js@2.4.24
20 silly idealTree:prePrune ├── uglify-to-browserify@1.0.2
20 silly idealTree:prePrune ├── util-deprecate@1.0.2
20 silly idealTree:prePrune ├── utils-merge@1.0.0
20 silly idealTree:prePrune ├── webidl-conversions@3.0.1
20 silly idealTree:prePrune ├── whatwg-url@5.0.0
20 silly idealTree:prePrune ├── wide-align@1.1.5
20 silly idealTree:prePrune ├── window-size@0.1.0
20 silly idealTree:prePrune ├── with@3.0.1
20 silly idealTree:prePrune ├── wordwrap@0.0.2
20 silly idealTree:prePrune ├── wrappy@1.0.2
20 silly idealTree:prePrune ├── yallist@4.0.0
20 silly idealTree:prePrune └── yargs@3.5.4
21 silly loadIdealTree Finishing
22 silly currentTree application-name@0.0.1
22 silly currentTree ├─┬ @mapbox/node-pre-gyp@1.0.9
22 silly currentTree │ ├── nopt@5.0.0
22 silly currentTree │ └── semver@7.3.7
22 silly currentTree ├── abbrev@1.1.1
22 silly currentTree ├── accepts@1.0.0
22 silly currentTree ├─┬ agent-base@6.0.2
22 silly currentTree │ ├── debug@4.3.4
22 silly currentTree │ └── ms@2.1.2
22 silly currentTree ├── amdefine@1.0.1
22 silly currentTree ├── ansi-regex@5.0.1
22 silly currentTree ├── aproba@2.0.0
22 silly currentTree ├─┬ are-we-there-yet@2.0.0
22 silly currentTree │ ├── readable-stream@3.6.0
22 silly currentTree │ ├── safe-buffer@5.2.1
22 silly currentTree │ └── string_decoder@1.3.0
22 silly currentTree ├── async@0.2.10
22 silly currentTree ├── balanced-match@1.0.2
22 silly currentTree ├── bcrypt@5.0.1
22 silly currentTree ├── bignumber.js@9.0.0
22 silly currentTree ├── body-parser@1.0.2
22 silly currentTree ├── brace-expansion@2.0.1
22 silly currentTree ├── buffer-crc32@0.2.1
22 silly currentTree ├── bytes@1.0.0
22 silly currentTree ├── camelcase@1.2.1
22 silly currentTree ├── character-parser@1.2.0
22 silly currentTree ├── chownr@2.0.0
22 silly currentTree ├── color-support@1.1.3
22 silly currentTree ├── commander@2.1.0
22 silly currentTree ├── concat-map@0.0.1
22 silly currentTree ├── console-control-strings@1.1.0
22 silly currentTree ├── constantinople@2.0.1
22 silly currentTree ├── cookie-parser@1.0.1
22 silly currentTree ├── cookie-signature@1.0.3
22 silly currentTree ├── cookie@0.1.0
22 silly currentTree ├── core-util-is@1.0.3
22 silly currentTree ├── css-parse@1.0.4
22 silly currentTree ├── css-stringify@1.0.5
22 silly currentTree ├── css@1.0.8
22 silly currentTree ├── debug@0.7.4
22 silly currentTree ├── decamelize@1.2.0
22 silly currentTree ├── delegates@1.0.0
22 silly currentTree ├── detect-libc@2.0.1
22 silly currentTree ├── emoji-regex@8.0.0
22 silly currentTree ├── escape-html@1.0.1
22 silly currentTree ├─┬ express@4.0.0
22 silly currentTree │ └── type-is@1.0.0
22 silly currentTree ├── fresh@0.2.2
22 silly currentTree ├── fs-minipass@2.1.0
22 silly currentTree ├── fs.realpath@1.0.0
22 silly currentTree ├── gauge@3.0.2
22 silly currentTree ├─┬ glob@7.2.3
22 silly currentTree │ ├── brace-expansion@1.1.11
22 silly currentTree │ └── minimatch@3.1.2
22 silly currentTree ├── has-unicode@2.0.1
22 silly currentTree ├─┬ https-proxy-agent@5.0.1
22 silly currentTree │ ├── debug@4.3.4
22 silly currentTree │ └── ms@2.1.2
22 silly currentTree ├── inflight@1.0.6
22 silly currentTree ├── inherits@2.0.4
22 silly currentTree ├── is-fullwidth-code-point@3.0.0
22 silly currentTree ├── is-promise@1.0.1
22 silly currentTree ├── isarray@1.0.0
22 silly currentTree ├── jade@1.3.1
22 silly currentTree ├── lru-cache@6.0.0
22 silly currentTree ├─┬ make-dir@3.1.0
22 silly currentTree │ └── semver@6.3.0
22 silly currentTree ├── merge-descriptors@0.0.2
22 silly currentTree ├── methods@0.1.0
22 silly currentTree ├── mime@1.2.11
22 silly currentTree ├── minimatch@5.1.0
22 silly currentTree ├── minipass@3.3.4
22 silly currentTree ├── minizlib@2.1.2
22 silly currentTree ├── mkdirp@0.3.5
22 silly currentTree ├── monocle@1.1.51
22 silly currentTree ├─┬ morgan@1.0.1
22 silly currentTree │ └── bytes@0.3.0
22 silly currentTree ├── mysql@2.18.1
22 silly currentTree ├── negotiator@0.3.0
22 silly currentTree ├── node-addon-api@3.2.1
22 silly currentTree ├── node-fetch@2.6.7
22 silly currentTree ├── npmlog@5.0.1
22 silly currentTree ├── object-assign@4.1.1
22 silly currentTree ├── once@1.4.0
22 silly currentTree ├── optimist@0.3.7
22 silly currentTree ├── parseurl@1.0.1
22 silly currentTree ├── path-is-absolute@1.0.1
22 silly currentTree ├── path-to-regexp@0.1.2
22 silly currentTree ├── process-nextick-args@2.0.1
22 silly currentTree ├── promise@2.0.0
22 silly currentTree ├── qs@0.6.6
22 silly currentTree ├── range-parser@1.0.0
22 silly currentTree ├── raw-body@1.1.7
22 silly currentTree ├─┬ readable-stream@2.3.7
22 silly currentTree │ └── string_decoder@1.1.1
22 silly currentTree ├── readdirp@0.2.5
22 silly currentTree ├── rimraf@3.0.2
22 silly currentTree ├── safe-buffer@5.1.2
22 silly currentTree ├── send@0.2.0
22 silly currentTree ├─┬ serve-static@1.0.1
22 silly currentTree │ ├── fresh@0.2.0
22 silly currentTree │ ├── range-parser@0.0.4
22 silly currentTree │ └── send@0.1.4
22 silly currentTree ├── set-blocking@2.0.0
22 silly currentTree ├── signal-exit@3.0.7
22 silly currentTree ├── source-map@0.1.34
22 silly currentTree ├── sqlstring@2.3.1
22 silly currentTree ├── static-favicon@1.0.2
22 silly currentTree ├── string_decoder@0.10.31
22 silly currentTree ├── string-width@4.2.3
22 silly currentTree ├── strip-ansi@6.0.1
22 silly currentTree ├─┬ tar@6.1.11
22 silly currentTree │ └── mkdirp@1.0.4
22 silly currentTree ├── tr46@0.0.3
22 silly currentTree ├─┬ transformers@2.1.0
22 silly currentTree │ └── uglify-js@2.2.5
22 silly currentTree ├── type-is@1.1.0
22 silly currentTree ├── uglify-js@2.4.24
22 silly currentTree ├── uglify-to-browserify@1.0.2
22 silly currentTree ├── util-deprecate@1.0.2
22 silly currentTree ├── utils-merge@1.0.0
22 silly currentTree ├── webidl-conversions@3.0.1
22 silly currentTree ├── whatwg-url@5.0.0
22 silly currentTree ├── wide-align@1.1.5
22 silly currentTree ├── window-size@0.1.0
22 silly currentTree ├── with@3.0.1
22 silly currentTree ├── wordwrap@0.0.2
22 silly currentTree ├── wrappy@1.0.2
22 silly currentTree ├── yallist@4.0.0
22 silly currentTree └── yargs@3.5.4
23 silly idealTree application-name@0.0.1
23 silly idealTree ├─┬ @mapbox/node-pre-gyp@1.0.9
23 silly idealTree │ ├── nopt@5.0.0
23 silly idealTree │ └── semver@7.3.7
23 silly idealTree ├── abbrev@1.1.1
23 silly idealTree ├── accepts@1.0.0
23 silly idealTree ├─┬ agent-base@6.0.2
23 silly idealTree │ ├── debug@4.3.4
23 silly idealTree │ └── ms@2.1.2
23 silly idealTree ├── amdefine@1.0.1
23 silly idealTree ├── ansi-regex@5.0.1
23 silly idealTree ├── aproba@2.0.0
23 silly idealTree ├─┬ are-we-there-yet@2.0.0
23 silly idealTree │ ├── readable-stream@3.6.0
23 silly idealTree │ ├── safe-buffer@5.2.1
23 silly idealTree │ └── string_decoder@1.3.0
23 silly idealTree ├── async@0.2.10
23 silly idealTree ├── balanced-match@1.0.2
23 silly idealTree ├── bcrypt@5.0.1
23 silly idealTree ├── bignumber.js@9.0.0
23 silly idealTree ├── body-parser@1.0.2
23 silly idealTree ├── brace-expansion@2.0.1
23 silly idealTree ├── buffer-crc32@0.2.1
23 silly idealTree ├── bytes@1.0.0
23 silly idealTree ├── camelcase@1.2.1
23 silly idealTree ├── character-parser@1.2.0
23 silly idealTree ├── chownr@2.0.0
23 silly idealTree ├── color-support@1.1.3
23 silly idealTree ├── commander@2.1.0
23 silly idealTree ├── concat-map@0.0.1
23 silly idealTree ├── console-control-strings@1.1.0
23 silly idealTree ├── constantinople@2.0.1
23 silly idealTree ├── cookie-parser@1.0.1
23 silly idealTree ├── cookie-signature@1.0.3
23 silly idealTree ├── cookie@0.1.0
23 silly idealTree ├── core-util-is@1.0.3
23 silly idealTree ├── css-parse@1.0.4
23 silly idealTree ├── css-stringify@1.0.5
23 silly idealTree ├── css@1.0.8
23 silly idealTree ├── debug@0.7.4
23 silly idealTree ├── decamelize@1.2.0
23 silly idealTree ├── delegates@1.0.0
23 silly idealTree ├── detect-libc@2.0.1
23 silly idealTree ├── emoji-regex@8.0.0
23 silly idealTree ├── escape-html@1.0.1
23 silly idealTree ├─┬ express@4.0.0
23 silly idealTree │ └── type-is@1.0.0
23 silly idealTree ├── fresh@0.2.2
23 silly idealTree ├── fs-minipass@2.1.0
23 silly idealTree ├── fs.realpath@1.0.0
23 silly idealTree ├── gauge@3.0.2
23 silly idealTree ├─┬ glob@7.2.3
23 silly idealTree │ ├── brace-expansion@1.1.11
23 silly idealTree │ └── minimatch@3.1.2
23 silly idealTree ├── has-unicode@2.0.1
23 silly idealTree ├─┬ https-proxy-agent@5.0.1
23 silly idealTree │ ├── debug@4.3.4
23 silly idealTree │ └── ms@2.1.2
23 silly idealTree ├── inflight@1.0.6
23 silly idealTree ├── inherits@2.0.4
23 silly idealTree ├── is-fullwidth-code-point@3.0.0
23 silly idealTree ├── is-promise@1.0.1
23 silly idealTree ├── isarray@1.0.0
23 silly idealTree ├── jade@1.3.1
23 silly idealTree ├── lru-cache@6.0.0
23 silly idealTree ├─┬ make-dir@3.1.0
23 silly idealTree │ └── semver@6.3.0
23 silly idealTree ├── merge-descriptors@0.0.2
23 silly idealTree ├── methods@0.1.0
23 silly idealTree ├── mime@1.2.11
23 silly idealTree ├── minimatch@5.1.0
23 silly idealTree ├── minipass@3.3.4
23 silly idealTree ├── minizlib@2.1.2
23 silly idealTree ├── mkdirp@0.3.5
23 silly idealTree ├── monocle@1.1.51
23 silly idealTree ├─┬ morgan@1.0.1
23 silly idealTree │ └── bytes@0.3.0
23 silly idealTree ├── mysql@2.18.1
23 silly idealTree ├── negotiator@0.3.0
23 silly idealTree ├── node-addon-api@3.2.1
23 silly idealTree ├── node-fetch@2.6.7
23 silly idealTree ├── npmlog@5.0.1
23 silly idealTree ├── object-assign@4.1.1
23 silly idealTree ├── once@1.4.0
23 silly idealTree ├── optimist@0.3.7
23 silly idealTree ├── parseurl@1.0.1
23 silly idealTree ├── path-is-absolute@1.0.1
23 silly idealTree ├── path-to-regexp@0.1.2
23 silly idealTree ├── process-nextick-args@2.0.1
23 silly idealTree ├── promise@2.0.0
23 silly idealTree ├── qs@0.6.6
23 silly idealTree ├── range-parser@1.0.0
23 silly idealTree ├── raw-body@1.1.7
23 silly idealTree ├─┬ readable-stream@2.3.7
23 silly idealTree │ └── string_decoder@1.1.1
23 silly idealTree ├── readdirp@0.2.5
23 silly idealTree ├── rimraf@3.0.2
23 silly idealTree ├── safe-buffer@5.1.2
23 silly idealTree ├── send@0.2.0
23 silly idealTree ├─┬ serve-static@1.0.1
23 silly idealTree │ ├── fresh@0.2.0
23 silly idealTree │ ├── range-parser@0.0.4
23 silly idealTree │ └── send@0.1.4
23 silly idealTree ├── set-blocking@2.0.0
23 silly idealTree ├── signal-exit@3.0.7
23 silly idealTree ├── source-map@0.1.34
23 silly idealTree ├── sqlstring@2.3.1
23 silly idealTree ├── static-favicon@1.0.2
23 silly idealTree ├── string_decoder@0.10.31
23 silly idealTree ├── string-width@4.2.3
23 silly idealTree ├── strip-ansi@6.0.1
23 silly idealTree ├─┬ tar@6.1.11
23 silly idealTree │ └── mkdirp@1.0.4
23 silly idealTree ├── tr46@0.0.3
23 silly idealTree ├─┬ transformers@2.1.0
23 silly idealTree │ └── uglify-js@2.2.5
23 silly idealTree ├── type-is@1.1.0
23 silly idealTree ├── uglify-js@2.4.24
23 silly idealTree ├── uglify-to-browserify@1.0.2
23 silly idealTree ├── util-deprecate@1.0.2
23 silly idealTree ├── utils-merge@1.0.0
23 silly idealTree ├── webidl-conversions@3.0.1
23 silly idealTree ├── whatwg-url@5.0.0
23 silly idealTree ├── wide-align@1.1.5
23 silly idealTree ├── window-size@0.1.0
23 silly idealTree ├── with@3.0.1
23 silly idealTree ├── wordwrap@0.0.2
23 silly idealTree ├── wrappy@1.0.2
23 silly idealTree ├── yallist@4.0.0
23 silly idealTree └── yargs@3.5.4
24 silly generateActionsToTake Starting
25 silly install generateActionsToTake
26 silly generateActionsToTake Finishing
27 silly diffTrees action count 2
28 silly diffTrees update bcrypt@5.0.1
29 silly diffTrees update mysql@2.18.1
30 silly decomposeActions action count 16
31 silly decomposeActions fetch bcrypt@5.0.1
32 silly decomposeActions extract bcrypt@5.0.1
33 silly decomposeActions test bcrypt@5.0.1
34 silly decomposeActions preinstall bcrypt@5.0.1
35 silly decomposeActions build bcrypt@5.0.1
36 silly decomposeActions install bcrypt@5.0.1
37 silly decomposeActions postinstall bcrypt@5.0.1
38 silly decomposeActions finalize bcrypt@5.0.1
39 silly decomposeActions fetch mysql@2.18.1
40 silly decomposeActions extract mysql@2.18.1
41 silly decomposeActions test mysql@2.18.1
42 silly decomposeActions preinstall mysql@2.18.1
43 silly decomposeActions build mysql@2.18.1
44 silly decomposeActions install mysql@2.18.1
45 silly decomposeActions postinstall mysql@2.18.1
46 silly decomposeActions finalize mysql@2.18.1
47 silly executeActions Starting
48 silly install executeActions
49 silly doSerial global-install 0
50 silly doParallel fetch 2
51 verbose lock using /root/.npm/_locks/staging-23e1eb0cbddd611d.lock for /root/catch_w2/Server/node_modules/.staging
52 silly doParallel extract 2
53 silly extract bcrypt@5.0.1
54 silly extract mysql@2.18.1
55 verbose unbuild node_modules/.staging/bcrypt-2d31529f
56 verbose unbuild node_modules/.staging/mysql-918560ce
57 silly gentlyRm /root/catch_w2/Server/node_modules/.staging/bcrypt-2d31529f is being purged from base /root/catch_w2/Server
58 verbose gentlyRm don't care about contents; nuking /root/catch_w2/Server/node_modules/.staging/bcrypt-2d31529f
59 silly gentlyRm /root/catch_w2/Server/node_modules/.staging/mysql-918560ce is being purged from base /root/catch_w2/Server
60 verbose gentlyRm don't care about contents; nuking /root/catch_w2/Server/node_modules/.staging/mysql-918560ce
61 verbose tar unpack /root/.npm/bcrypt/5.0.1/package.tgz
62 verbose tar unpacking to /root/catch_w2/Server/node_modules/.staging/bcrypt-2d31529f
63 silly gentlyRm /root/catch_w2/Server/node_modules/.staging/bcrypt-2d31529f is being purged
64 verbose gentlyRm don't care about contents; nuking /root/catch_w2/Server/node_modules/.staging/bcrypt-2d31529f
65 verbose tar unpack /root/.npm/mysql/2.18.1/package.tgz
66 verbose tar unpacking to /root/catch_w2/Server/node_modules/.staging/mysql-918560ce
67 silly gentlyRm /root/catch_w2/Server/node_modules/.staging/mysql-918560ce is being purged
68 verbose gentlyRm don't care about contents; nuking /root/catch_w2/Server/node_modules/.staging/mysql-918560ce
69 silly gunzTarPerm modes [ '755', '644' ]
70 silly gunzTarPerm modes [ '755', '644' ]
71 silly gunzTarPerm extractEntry .editorconfig
72 silly gunzTarPerm extractEntry License
73 silly gunzTarPerm extractEntry LICENSE
74 silly gunzTarPerm extractEntry Makefile
75 silly gunzTarPerm extractEntry lib/protocol/Auth.js
76 silly gunzTarPerm extractEntry lib/protocol/packets/AuthSwitchRequestPacket.js
77 silly gunzTarPerm extractEntry src/bcrypt_node.cc
78 silly gunzTarPerm extractEntry src/bcrypt.cc
79 silly gunzTarPerm extractEntry lib/protocol/packets/AuthSwitchResponsePacket.js
80 silly gunzTarPerm extractEntry lib/protocol/BufferList.js
81 silly gunzTarPerm extractEntry src/blowfish.cc
82 silly gunzTarPerm extractEntry lib/protocol/sequences/ChangeUser.js
83 silly gunzTarPerm extractEntry lib/protocol/constants/charsets.js
84 silly gunzTarPerm extractEntry binding.gyp
85 silly gunzTarPerm extractEntry src/node_blf.h
86 silly gunzTarPerm extractEntry lib/protocol/constants/client.js
87 silly gunzTarPerm extractEntry examples/async_compare.js
88 silly gunzTarPerm extractEntry test/async.js
89 silly gunzTarPerm extractEntry lib/protocol/packets/ClientAuthenticationPacket.js
90 silly gunzTarPerm extractEntry lib/protocol/packets/ComChangeUserPacket.js
91 silly gunzTarPerm extractEntry bcrypt.js
92 silly gunzTarPerm extractEntry examples/forever_gen_salt.js
93 silly gunzTarPerm extractEntry test/implementation.js
94 silly gunzTarPerm extractEntry test/promise.js
95 silly gunzTarPerm extractEntry lib/protocol/packets/ComPingPacket.js
96 silly gunzTarPerm extractEntry lib/protocol/packets/ComQueryPacket.js
97 silly gunzTarPerm extractEntry promises.js
98 silly gunzTarPerm extractEntry test/repetitions.js
99 silly gunzTarPerm extractEntry lib/protocol/packets/ComQuitPacket.js
100 silly gunzTarPerm extractEntry lib/protocol/packets/ComStatisticsPacket.js
101 silly gunzTarPerm extractEntry test/sync.js
102 silly gunzTarPerm extractEntry package.json
103 silly gunzTarPerm extractEntry lib/Connection.js
104 silly gunzTarPerm extractEntry lib/ConnectionConfig.js
105 silly gunzTarPerm extractEntry CHANGELOG.md
106 silly gunzTarPerm extractEntry ISSUE_TEMPLATE.md
107 silly gunzTarPerm extractEntry lib/protocol/packets/EmptyPacket.js
108 silly gunzTarPerm extractEntry lib/protocol/packets/EofPacket.js
109 silly gunzTarPerm extractEntry README.md
110 silly gunzTarPerm extractEntry SECURITY.md
111 silly gunzTarPerm extractEntry lib/protocol/packets/ErrorPacket.js
112 silly gunzTarPerm extractEntry lib/protocol/constants/errors.js
113 silly gunzTarPerm extractEntry test_alpine.sh
114 silly gunzTarPerm extractEntry .travis.yml
115 silly gunzTarPerm extractEntry lib/protocol/constants/field_flags.js
116 silly gunzTarPerm extractEntry lib/protocol/packets/Field.js
117 silly gunzTarPerm extractEntry appveyor.yml
118 silly gunzTarPerm extractEntry lib/protocol/packets/FieldPacket.js
119 silly gunzTarPerm extractEntry lib/protocol/sequences/Handshake.js
120 silly gunzTarPerm extractEntry lib/protocol/packets/HandshakeInitializationPacket.js
121 silly gunzTarPerm extractEntry index.js
122 silly gunzTarPerm extractEntry lib/protocol/packets/index.js
123 silly gunzTarPerm extractEntry lib/protocol/sequences/index.js
124 silly gunzTarPerm extractEntry lib/protocol/packets/LocalDataFilePacket.js
125 silly gunzTarPerm extractEntry lib/protocol/packets/LocalInfileRequestPacket.js
126 silly gunzTarPerm extractEntry lib/protocol/packets/OkPacket.js
127 silly gunzTarPerm extractEntry lib/protocol/packets/OldPasswordPacket.js
128 silly gunzTarPerm extractEntry lib/protocol/PacketHeader.js
129 silly gunzTarPerm extractEntry lib/protocol/PacketWriter.js
130 silly gunzTarPerm extractEntry lib/protocol/Parser.js
131 silly gunzTarPerm extractEntry lib/protocol/sequences/Ping.js
132 silly gunzTarPerm extractEntry lib/Pool.js
133 silly gunzTarPerm extractEntry lib/PoolCluster.js
134 silly gunzTarPerm extractEntry lib/PoolConfig.js
135 silly gunzTarPerm extractEntry lib/PoolConnection.js
136 silly gunzTarPerm extractEntry lib/PoolNamespace.js
137 silly gunzTarPerm extractEntry lib/PoolSelector.js
138 silly gunzTarPerm extractEntry lib/protocol/Protocol.js
139 silly gunzTarPerm extractEntry lib/protocol/sequences/Query.js
140 silly gunzTarPerm extractEntry lib/protocol/sequences/Quit.js
141 silly gunzTarPerm extractEntry lib/protocol/ResultSet.js
142 silly gunzTarPerm extractEntry lib/protocol/packets/ResultSetHeaderPacket.js
143 silly gunzTarPerm extractEntry lib/protocol/packets/RowDataPacket.js
144 silly gunzTarPerm extractEntry lib/protocol/sequences/Sequence.js
145 silly gunzTarPerm extractEntry lib/protocol/constants/server_status.js
146 silly gunzTarPerm extractEntry lib/protocol/SqlString.js
147 silly gunzTarPerm extractEntry lib/protocol/constants/ssl_profiles.js
148 silly gunzTarPerm extractEntry lib/protocol/packets/SSLRequestPacket.js
149 silly gunzTarPerm extractEntry lib/protocol/sequences/Statistics.js
150 silly gunzTarPerm extractEntry lib/protocol/packets/StatisticsPacket.js
151 silly gunzTarPerm extractEntry lib/protocol/Timer.js
152 silly gunzTarPerm extractEntry lib/protocol/constants/types.js
153 silly gunzTarPerm extractEntry lib/protocol/packets/UseOldPasswordPacket.js
154 silly gunzTarPerm extractEntry package.json
155 silly gunzTarPerm extractEntry Changes.md
156 silly gunzTarPerm extractEntry Readme.md
157 silly gentlyRm /root/catch_w2/Server/node_modules/.staging/bcrypt-2d31529f/node_modules is being purged
158 verbose gentlyRm don't care about contents; nuking /root/catch_w2/Server/node_modules/.staging/bcrypt-2d31529f/node_modules
159 silly gentlyRm /root/catch_w2/Server/node_modules/.staging/mysql-918560ce/node_modules is being purged
160 verbose gentlyRm don't care about contents; nuking /root/catch_w2/Server/node_modules/.staging/mysql-918560ce/node_modules
161 silly doParallel preinstall 2
162 silly preinstall bcrypt@5.0.1 /root/catch_w2/Server/node_modules/.staging/bcrypt-2d31529f
163 info lifecycle bcrypt@5.0.1~preinstall: bcrypt@5.0.1
164 silly preinstall mysql@2.18.1 /root/catch_w2/Server/node_modules/.staging/mysql-918560ce
165 info lifecycle mysql@2.18.1~preinstall: mysql@2.18.1
166 silly lifecycle bcrypt@5.0.1~preinstall: no script for preinstall, continuing
167 silly lifecycle mysql@2.18.1~preinstall: no script for preinstall, continuing
168 silly doReverseSerial remove 0
169 silly doSerial move 0
170 silly doSerial finalize 2
171 silly finalize /root/catch_w2/Server/node_modules/bcrypt
172 silly finalize /root/catch_w2/Server/node_modules/mysql
173 silly doSerial build 2
174 silly build bcrypt@5.0.1
175 info linkStuff bcrypt@5.0.1
176 silly linkStuff bcrypt@5.0.1 has /root/catch_w2/Server/node_modules as its parent node_modules
177 verbose linkBins bcrypt@5.0.1
178 verbose linkMans bcrypt@5.0.1
179 silly build mysql@2.18.1
180 info linkStuff mysql@2.18.1
181 silly linkStuff mysql@2.18.1 has /root/catch_w2/Server/node_modules as its parent node_modules
182 verbose linkBins mysql@2.18.1
183 verbose linkMans mysql@2.18.1
184 silly doSerial global-link 0
185 silly doParallel update-linked 0
186 silly doSerial install 2
187 silly install bcrypt@5.0.1 /root/catch_w2/Server/node_modules/.staging/bcrypt-2d31529f
188 info lifecycle bcrypt@5.0.1~install: bcrypt@5.0.1
189 verbose lifecycle bcrypt@5.0.1~install: unsafe-perm in lifecycle false
190 verbose lifecycle bcrypt@5.0.1~install: PATH: /usr/share/npm/bin/node-gyp-bin:/root/catch_w2/Server/node_modules/bcrypt/node_modules/.bin:/root/catch_w2/Server/node_modules/.bin:/root/.vscode-server/bin/30d9c6cd9483b2cc586687151bcbcd635f373630/bin/remote-cli:/usr/local/sbin:/usr/local/bin:/usr/sbin:/usr/bin:/sbin:/bin:/usr/games:/usr/local/games:/snap/bin
191 verbose lifecycle bcrypt@5.0.1~install: CWD: /root/catch_w2/Server/node_modules/bcrypt
192 silly lifecycle bcrypt@5.0.1~install: Args: [ '-c', 'node-pre-gyp install --fallback-to-build' ]
193 silly lifecycle bcrypt@5.0.1~install: Returned: code: 1  signal: null
194 info lifecycle bcrypt@5.0.1~install: Failed to exec install script
195 verbose unlock done using /root/.npm/_locks/staging-23e1eb0cbddd611d.lock for /root/catch_w2/Server/node_modules/.staging
196 silly rollbackFailedOptional Starting
197 silly rollbackFailedOptional Finishing
198 silly runTopLevelLifecycles Starting
199 silly runTopLevelLifecycles Finishing
200 silly install printInstalled
201 warn node-fetch@2.6.7 requires a peer of encoding@^0.1.0 but none was installed.
202 verbose stack Error: bcrypt@5.0.1 install: `node-pre-gyp install --fallback-to-build`
202 verbose stack Exit status 1
202 verbose stack     at EventEmitter.<anonymous> (/usr/share/npm/lib/utils/lifecycle.js:232:16)
202 verbose stack     at emitTwo (events.js:126:13)
202 verbose stack     at EventEmitter.emit (events.js:214:7)
202 verbose stack     at ChildProcess.<anonymous> (/usr/share/npm/lib/utils/spawn.js:24:14)
202 verbose stack     at emitTwo (events.js:126:13)
202 verbose stack     at ChildProcess.emit (events.js:214:7)
202 verbose stack     at maybeClose (internal/child_process.js:925:16)
202 verbose stack     at Process.ChildProcess._handle.onexit (internal/child_process.js:209:5)
203 verbose pkgid bcrypt@5.0.1
204 verbose cwd /root/catch_w2/Server
205 error Linux 4.15.0-122-generic
206 error argv "/usr/bin/node" "/usr/bin/npm" "install"
207 error node v8.10.0
208 error npm  v3.5.2
209 error code ELIFECYCLE
210 error bcrypt@5.0.1 install: `node-pre-gyp install --fallback-to-build`
210 error Exit status 1
211 error Failed at the bcrypt@5.0.1 install script 'node-pre-gyp install --fallback-to-build'.
211 error Make sure you have the latest version of node.js and npm installed.
211 error If you do, this is most likely a problem with the bcrypt package,
211 error not with npm itself.
211 error Tell the author that this fails on your system:
211 error     node-pre-gyp install --fallback-to-build
211 error You can get information on how to open an issue for this project with:
211 error     npm bugs bcrypt
211 error Or if that isn't available, you can get their info via:
211 error     npm owner ls bcrypt
211 error There is likely additional logging output above.
212 verbose exit [ 1, true ]
